<?xml version="1.0" encoding="UTF-8"?>
<!-- Generated by org.testng.reporters.JUnitXMLReporter -->
<testsuite ignored="0" hostname="LAPTOP-L53CQVK8" failures="1" tests="2" name="Test1" time="0.081" errors="0" timestamp="2023-12-19T07:09:20 IST">
  <testcase classname="SeleniumBasics.Class2" name="Login" time="0.017"/>
  <testcase classname="SeleniumBasics.Class3" name="Login" time="0.0">
    <failure type="org.testng.TestNGException" message="
Parameter &amp;apos;UserName&amp;apos; is required by @Test on method Login but has not been marked @Optional or defined
in C:\Users\Hussain\eclipse-workspace\Selenium_Practice\Regression.xml">
      <![CDATA[org.testng.TestNGException: 
Parameter 'UserName' is required by @Test on method Login but has not been marked @Optional or defined
in C:\Users\Hussain\eclipse-workspace\Selenium_Practice\Regression.xml
at java.base/java.util.ArrayList.forEach(ArrayList.java:1511)
... Removed 26 stack frames]]>
    </failure>
  </testcase> <!-- Login -->
</testsuite> <!-- Test1 -->
