<?xml version="1.0" encoding="UTF-8"?>
<!-- Generated by org.testng.reporters.JUnitXMLReporter -->
<testsuite ignored="0" hostname="LAPTOP-L53CQVK8" failures="1" tests="2" name="Sanity test" time="0.097" errors="0" timestamp="2023-12-21T06:57:13 IST">
  <testcase classname="SeleniumBasics.Class2" name="Login" time="0.018"/>
  <testcase classname="SeleniumBasics.Class3" name="Login" time="0.014">
    <failure type="java.lang.AssertionError" message="expected [admin123] but found [Admin123]">
      <![CDATA[java.lang.AssertionError: expected [admin123] but found [Admin123]
at SeleniumBasics.Class3.Login(Class3.java:17)
at java.base/java.util.ArrayList.forEach(ArrayList.java:1511)
... Removed 31 stack frames]]>
    </failure>
  </testcase> <!-- Login -->
</testsuite> <!-- Sanity test -->
